<?xml version="1.0" encoding="UTF-8"?>
<!-- Generated by org.testng.reporters.JUnitXMLReporter -->
<testsuite ignored="0" hostname="DESKTOP-HMBR4KM" failures="0" tests="2" name="Banking App Test" time="16.915" errors="0" timestamp="2019-09-12T08:04:00 IST">
  <testcase classname="com.testCases.BaseClass" name="@BeforeClass setup" time="12.776">
    <failure type="org.openqa.selenium.SessionNotCreatedException" message="session not created: This version of ChromeDriver only supports Chrome version 75
Build info: version: &amp;apos;3.141.59&amp;apos;, revision: &amp;apos;e82be7d358&amp;apos;, time: &amp;apos;2018-11-14T08:17:03&amp;apos;
System info: host: &amp;apos;DESKTOP-HMBR4KM&amp;apos;, ip: &amp;apos;192.168.43.66&amp;apos;, os.name: &amp;apos;Windows 10&amp;apos;, os.arch: &amp;apos;amd64&amp;apos;, os.version: &amp;apos;10.0&amp;apos;, java.version: &amp;apos;11.0.4&amp;apos;
Driver info: driver.version: ChromeDriver
remote stacktrace: Backtrace:
	Ordinal0 [0x00EE1B43+1448771]
	Ordinal0 [0x00E65A31+940593]
	Ordinal0 [0x00DF2293+467603]
	Ordinal0 [0x00D8F27E+62078]
	Ordinal0 [0x00D8BBBD+48061]
	Ordinal0 [0x00DA8D09+167177]
	Ordinal0 [0x00DA88DD+166109]
	Ordinal0 [0x00DA6FEB+159723]
	Ordinal0 [0x00D909F6+68086]
	Ordinal0 [0x00D91990+72080]
	Ordinal0 [0x00D91929+71977]
	GetHandleVerifier [0x01022E8C+1172172]
	GetHandleVerifier [0x00F7FE55+504469]
	GetHandleVerifier [0x00F7FBF0+503856]
	Ordinal0 [0x00EEC9C8+1493448]
	GetHandleVerifier [0x00F8062A+506474]
	Ordinal0 [0x00E77156+1012054]
	Ordinal0 [0x00E76FCF+1011663]
	Ordinal0 [0x00E8135B+1053531]
	Ordinal0 [0x00E814C3+1053891]
	Ordinal0 [0x00E804F5+1049845]
	BaseThreadInitThunk [0x775F8484+36]
	RtlValidSecurityDescriptor [0x77812EC0+448]
	RtlValidSecurityDescriptor [0x77812E90+400]
">
      <![CDATA[org.openqa.selenium.SessionNotCreatedException: session not created: This version of ChromeDriver only supports Chrome version 75
Build info: version: '3.141.59', revision: 'e82be7d358', time: '2018-11-14T08:17:03'
System info: host: 'DESKTOP-HMBR4KM', ip: '192.168.43.66', os.name: 'Windows 10', os.arch: 'amd64', os.version: '10.0', java.version: '11.0.4'
Driver info: driver.version: ChromeDriver
remote stacktrace: Backtrace:
Ordinal0 [0x00EE1B43+1448771]
Ordinal0 [0x00E65A31+940593]
Ordinal0 [0x00DF2293+467603]
Ordinal0 [0x00D8F27E+62078]
Ordinal0 [0x00D8BBBD+48061]
Ordinal0 [0x00DA8D09+167177]
Ordinal0 [0x00DA88DD+166109]
Ordinal0 [0x00DA6FEB+159723]
Ordinal0 [0x00D909F6+68086]
Ordinal0 [0x00D91990+72080]
Ordinal0 [0x00D91929+71977]
GetHandleVerifier [0x01022E8C+1172172]
GetHandleVerifier [0x00F7FE55+504469]
GetHandleVerifier [0x00F7FBF0+503856]
Ordinal0 [0x00EEC9C8+1493448]
GetHandleVerifier [0x00F8062A+506474]
Ordinal0 [0x00E77156+1012054]
Ordinal0 [0x00E76FCF+1011663]
Ordinal0 [0x00E8135B+1053531]
Ordinal0 [0x00E814C3+1053891]
Ordinal0 [0x00E804F5+1049845]
BaseThreadInitThunk [0x775F8484+36]
RtlValidSecurityDescriptor [0x77812EC0+448]
RtlValidSecurityDescriptor [0x77812E90+400]

at org.openqa.selenium.remote.W3CHandshakeResponse.lambda$errorHandler$0(W3CHandshakeResponse.java:62)
at org.openqa.selenium.remote.HandshakeResponse.lambda$getResponseFunction$0(HandshakeResponse.java:30)
at org.openqa.selenium.remote.ProtocolHandshake.lambda$createSession$0(ProtocolHandshake.java:126)
at java.base/java.util.stream.ReferencePipeline$3$1.accept(ReferencePipeline.java:195)
at java.base/java.util.Spliterators$ArraySpliterator.tryAdvance(Spliterators.java:958)
at java.base/java.util.stream.ReferencePipeline.forEachWithCancel(ReferencePipeline.java:127)
at java.base/java.util.stream.AbstractPipeline.copyIntoWithCancel(AbstractPipeline.java:502)
at java.base/java.util.stream.AbstractPipeline.copyInto(AbstractPipeline.java:488)
at java.base/java.util.stream.AbstractPipeline.wrapAndCopyInto(AbstractPipeline.java:474)
at java.base/java.util.stream.FindOps$FindOp.evaluateSequential(FindOps.java:150)
at java.base/java.util.stream.AbstractPipeline.evaluate(AbstractPipeline.java:234)
at java.base/java.util.stream.ReferencePipeline.findFirst(ReferencePipeline.java:543)
at org.openqa.selenium.remote.ProtocolHandshake.createSession(ProtocolHandshake.java:128)
at org.openqa.selenium.remote.ProtocolHandshake.createSession(ProtocolHandshake.java:74)
at org.openqa.selenium.remote.HttpCommandExecutor.execute(HttpCommandExecutor.java:136)
at org.openqa.selenium.remote.service.DriverCommandExecutor.execute(DriverCommandExecutor.java:83)
at org.openqa.selenium.remote.RemoteWebDriver.execute(RemoteWebDriver.java:552)
at org.openqa.selenium.remote.RemoteWebDriver.startSession(RemoteWebDriver.java:213)
at org.openqa.selenium.remote.RemoteWebDriver.<init>(RemoteWebDriver.java:131)
at org.openqa.selenium.chrome.ChromeDriver.<init>(ChromeDriver.java:181)
at org.openqa.selenium.chrome.ChromeDriver.<init>(ChromeDriver.java:168)
at org.openqa.selenium.chrome.ChromeDriver.<init>(ChromeDriver.java:123)
at com.testCases.BaseClass.setup(BaseClass.java:48)
at java.base/java.util.ArrayList.forEach(ArrayList.java:1540)
... Removed 29 stack frames]]>
    </failure>
  </testcase> <!-- @BeforeClass setup -->
  <testcase classname="com.testCases.BaseClass" name="@AfterClass tearDown" time="-1.568255637139E9">
    <skipped/>
  </testcase> <!-- @AfterClass tearDown -->
  <testcase classname="com.testCases.BaseClass" name="@BeforeClass setup" time="2.581">
    <failure type="org.openqa.selenium.SessionNotCreatedException" message="session not created: This version of ChromeDriver only supports Chrome version 75
Build info: version: &amp;apos;3.141.59&amp;apos;, revision: &amp;apos;e82be7d358&amp;apos;, time: &amp;apos;2018-11-14T08:17:03&amp;apos;
System info: host: &amp;apos;DESKTOP-HMBR4KM&amp;apos;, ip: &amp;apos;192.168.43.66&amp;apos;, os.name: &amp;apos;Windows 10&amp;apos;, os.arch: &amp;apos;amd64&amp;apos;, os.version: &amp;apos;10.0&amp;apos;, java.version: &amp;apos;11.0.4&amp;apos;
Driver info: driver.version: ChromeDriver
remote stacktrace: Backtrace:
	Ordinal0 [0x00EE1B43+1448771]
	Ordinal0 [0x00E65A31+940593]
	Ordinal0 [0x00DF2293+467603]
	Ordinal0 [0x00D8F27E+62078]
	Ordinal0 [0x00D8BBBD+48061]
	Ordinal0 [0x00DA8D09+167177]
	Ordinal0 [0x00DA88DD+166109]
	Ordinal0 [0x00DA6FEB+159723]
	Ordinal0 [0x00D909F6+68086]
	Ordinal0 [0x00D91990+72080]
	Ordinal0 [0x00D91929+71977]
	GetHandleVerifier [0x01022E8C+1172172]
	GetHandleVerifier [0x00F7FE55+504469]
	GetHandleVerifier [0x00F7FBF0+503856]
	Ordinal0 [0x00EEC9C8+1493448]
	GetHandleVerifier [0x00F8062A+506474]
	Ordinal0 [0x00E77156+1012054]
	Ordinal0 [0x00E76FCF+1011663]
	Ordinal0 [0x00E8135B+1053531]
	Ordinal0 [0x00E814C3+1053891]
	Ordinal0 [0x00E804F5+1049845]
	BaseThreadInitThunk [0x775F8484+36]
	RtlValidSecurityDescriptor [0x77812EC0+448]
	RtlValidSecurityDescriptor [0x77812E90+400]
">
      <![CDATA[org.openqa.selenium.SessionNotCreatedException: session not created: This version of ChromeDriver only supports Chrome version 75
Build info: version: '3.141.59', revision: 'e82be7d358', time: '2018-11-14T08:17:03'
System info: host: 'DESKTOP-HMBR4KM', ip: '192.168.43.66', os.name: 'Windows 10', os.arch: 'amd64', os.version: '10.0', java.version: '11.0.4'
Driver info: driver.version: ChromeDriver
remote stacktrace: Backtrace:
Ordinal0 [0x00EE1B43+1448771]
Ordinal0 [0x00E65A31+940593]
Ordinal0 [0x00DF2293+467603]
Ordinal0 [0x00D8F27E+62078]
Ordinal0 [0x00D8BBBD+48061]
Ordinal0 [0x00DA8D09+167177]
Ordinal0 [0x00DA88DD+166109]
Ordinal0 [0x00DA6FEB+159723]
Ordinal0 [0x00D909F6+68086]
Ordinal0 [0x00D91990+72080]
Ordinal0 [0x00D91929+71977]
GetHandleVerifier [0x01022E8C+1172172]
GetHandleVerifier [0x00F7FE55+504469]
GetHandleVerifier [0x00F7FBF0+503856]
Ordinal0 [0x00EEC9C8+1493448]
GetHandleVerifier [0x00F8062A+506474]
Ordinal0 [0x00E77156+1012054]
Ordinal0 [0x00E76FCF+1011663]
Ordinal0 [0x00E8135B+1053531]
Ordinal0 [0x00E814C3+1053891]
Ordinal0 [0x00E804F5+1049845]
BaseThreadInitThunk [0x775F8484+36]
RtlValidSecurityDescriptor [0x77812EC0+448]
RtlValidSecurityDescriptor [0x77812E90+400]

at org.openqa.selenium.remote.W3CHandshakeResponse.lambda$errorHandler$0(W3CHandshakeResponse.java:62)
at org.openqa.selenium.remote.HandshakeResponse.lambda$getResponseFunction$0(HandshakeResponse.java:30)
at org.openqa.selenium.remote.ProtocolHandshake.lambda$createSession$0(ProtocolHandshake.java:126)
at java.base/java.util.stream.ReferencePipeline$3$1.accept(ReferencePipeline.java:195)
at java.base/java.util.Spliterators$ArraySpliterator.tryAdvance(Spliterators.java:958)
at java.base/java.util.stream.ReferencePipeline.forEachWithCancel(ReferencePipeline.java:127)
at java.base/java.util.stream.AbstractPipeline.copyIntoWithCancel(AbstractPipeline.java:502)
at java.base/java.util.stream.AbstractPipeline.copyInto(AbstractPipeline.java:488)
at java.base/java.util.stream.AbstractPipeline.wrapAndCopyInto(AbstractPipeline.java:474)
at java.base/java.util.stream.FindOps$FindOp.evaluateSequential(FindOps.java:150)
at java.base/java.util.stream.AbstractPipeline.evaluate(AbstractPipeline.java:234)
at java.base/java.util.stream.ReferencePipeline.findFirst(ReferencePipeline.java:543)
at org.openqa.selenium.remote.ProtocolHandshake.createSession(ProtocolHandshake.java:128)
at org.openqa.selenium.remote.ProtocolHandshake.createSession(ProtocolHandshake.java:74)
at org.openqa.selenium.remote.HttpCommandExecutor.execute(HttpCommandExecutor.java:136)
at org.openqa.selenium.remote.service.DriverCommandExecutor.execute(DriverCommandExecutor.java:83)
at org.openqa.selenium.remote.RemoteWebDriver.execute(RemoteWebDriver.java:552)
at org.openqa.selenium.remote.RemoteWebDriver.startSession(RemoteWebDriver.java:213)
at org.openqa.selenium.remote.RemoteWebDriver.<init>(RemoteWebDriver.java:131)
at org.openqa.selenium.chrome.ChromeDriver.<init>(ChromeDriver.java:181)
at org.openqa.selenium.chrome.ChromeDriver.<init>(ChromeDriver.java:168)
at org.openqa.selenium.chrome.ChromeDriver.<init>(ChromeDriver.java:123)
at com.testCases.BaseClass.setup(BaseClass.java:48)
at java.base/java.util.ArrayList.forEach(ArrayList.java:1540)
... Removed 29 stack frames]]>
    </failure>
  </testcase> <!-- @BeforeClass setup -->
  <testcase classname="com.testCases.BaseClass" name="@AfterClass tearDown" time="-1.568255639765E9">
    <skipped/>
  </testcase> <!-- @AfterClass tearDown -->
  <testcase classname="com.testCases.TC_LoginTest_001" name="loginTest" time="0.0">
    <skipped/>
  </testcase> <!-- loginTest -->
  <testcase classname="com.testCases.TC_AddCustTest_003" name="addNewCustomer" time="0.0">
    <skipped/>
  </testcase> <!-- addNewCustomer -->
</testsuite> <!-- Banking App Test -->
